1654535949354:test
1654536417034:q
1654546927799:setZip Users/sydney/Downloads/DiagTest.zip
1654546949171:set zip file directory sfsdfsdf
1654547062768:set-zip Users/sydney/Downloads/DiagTest.zip
1654547111113:set-new-dir Users/sydney/testing2.zip
1654547151434:set-new-dir Users/sydney/Documents/testing2
1654547154642:unzip
1654547185110:set-zip /Users/sydney/Downloads/Diagnostics.zip
1654547212904:set-new-dir /Users/sydney/Documents/testing2
1654547215483:unzip
1654609030736:help
1654611073904:set-new-dir /Users/sydney/Downloads/Diagnostics.zip
1654611088180:exit
1654785063957:help
1654806677761:quit
1654878278400:help
1654878829819:set-zip /Users/sydney/Downloads/48177-Diagnostics
1654878863259:set-save-dir /Users/sydney/Documents/testing3
1654878868559:unzip
1654878975665:set-save-dir /Users/sydney/Documents/testing3
1654879006637:set-zip /Users/sydney/Downloads/48177-Diagnostics.zip
1654879010616:unzip
1654879018634:stacktrace
1654879201332:set-save-dir /Users/sydney/Documents/testing3
1654879203036:unzip
1654879211203:stacktrace
1654879239681:set-zip /Users/sydney/Downloads/48177-Diagnostics.zip
1654879255959:set-save-dir /Users/sydney/Documents/testing3
1654879258025:unzip
1654879368312:quit
1654879407881:set-zip /Users/sydney/Downloads/48177-Diagnostics.zip
1654879429826:set-save-dir /Users/sydney/Documents/testing3
1654879431509:unzip
1654879542114:set-zip /Users/sydney/Downloads/48177-Diagnostics.zip
1654879561882:set-save-dir /Users/sydney/Documents/testing3
1654879564380:unzip
1654882226738:set-zip /Users/sydney/Downloads/48177-Diagnostics.zip
1654882241336:set-new-dir Users/sydney/Documents/testing3
1654882248383:help
1654882277310:set-save-dir /Users/sydney/Documents/testing3
1654882279807:unzip
1654882796635:set-zip /Users/sydney/Downloads/48177-Diagnostics.zip
1654882809905:set-save-dir /Users/sydney/Documents/testing3
1654882811892:unzip
1654882822754:help
1654882826823:get-crashes
1654883110395:quit
1654885903487:set-zip /Users/sydney/Downloads/DiagTest.zip
1654885918660:set-save-dir /Users/sydney/Documents/testing3
1654885921799:unzip
1654885929194:crash
1654885937377:get-crashes
1654886077568:set-zip /Users/sydney/Downloads/51992-Jeremy-Katz-Diagnostics.zip
1654886080998:unzip
1654886092107:get-crashes
1654886224321:set-save-dir /Users/sydney/Documents/testing
1654886226906:unzip
1654886336724:set-zip /Users/sydney/Downloads/51992-Jeremy-Katz-Diagnostics.zip
1654886339077:unzip
1654886347859:get-crashes
1654891853524:set-zip /Users/sydney/Downloads/DiagTest.zip
1654891872082:set-save-dir /Users/sydney/Downloads/testing
1654891880648:unzip
1654891886882:help
1654891892787:get-crashes
1654891896463:get-timelines
1654891903110:timelines
1654891908493:timelines 1 1
1654892059601:quit
1654892227287:unzip
1654892234648:set-zip /Users/sydney/Downloads/DiagTest.zip
1654892246406:set-save-dir /Users/sydney/Documents/testing
1654892247995:unzip
1654892257451:flag-buckets
1654892273434:quit
